<?xml version="1.0" encoding="UTF-8"?>
<!-- Generated by org.testng.reporters.JUnitReportReporter -->
<testsuite hostname="COG-WIN-MAC03" failures="0" tests="1" name="testCases.HeaderTest" time="126.819" errors="0" timestamp="2022-11-10T14:43:57 IST" skipped="0">
  <testcase classname="testCases.HeaderTest" name="ValidateClickTestingOfHeaderPage" time="126.819"/>
  <system-out/>
</testsuite> <!-- testCases.HeaderTest -->
