<?xml version="1.0" encoding="UTF-8"?>
<!-- Generated by org.testng.reporters.JUnitReportReporter -->
<testsuite hostname="COG-WIN-MAC03" failures="0" tests="1" name="testCases.HeaderTest" time="138.081" errors="0" timestamp="2022-12-08T17:58:24 IST" skipped="0">
  <testcase classname="testCases.HeaderTest" name="ValidateClickTestingOfHeaderPage" time="138.081"/>
  <system-out/>
</testsuite> <!-- testCases.HeaderTest -->
