<?xml version="1.0" encoding="UTF-8"?>
<!-- Generated by org.testng.reporters.JUnitReportReporter -->
<testsuite hostname="COG-WIN-MAC03" failures="0" tests="1" name="testCases.HeaderTest" time="152.198" errors="0" timestamp="2023-07-20T21:22:01 IST" skipped="0">
  <testcase classname="testCases.HeaderTest" name="ValidateClickTestingOfHeaderPage" time="152.198"/>
  <system-out/>
</testsuite> <!-- testCases.HeaderTest -->
